<?xml version="1.0" encoding="UTF-8"?>
<testng-results ignored="0" total="10" passed="10" failed="0" skipped="0">
  <reporter-output>
  </reporter-output>
  <suite started-at="2024-04-01T11:12:28 IST" name="Default suite" finished-at="2024-04-01T11:12:28 IST" duration-ms="68">
    <groups>
    </groups>
    <test started-at="2024-04-01T11:12:28 IST" name="Default test" finished-at="2024-04-01T11:12:28 IST" duration-ms="68">
      <class name="Test4.Practice">
        <test-method signature="f()[pri:0, instance:Test4.Practice@e350b40]" started-at="2024-04-01T11:12:28 IST" name="f" finished-at="2024-04-01T11:12:28 IST" duration-ms="10" status="PASS">
          <reporter-output>
          </reporter-output>
        </test-method> <!-- f -->
        <test-method signature="f()[pri:0, instance:Test4.Practice@e350b40]" started-at="2024-04-01T11:12:28 IST" name="f" finished-at="2024-04-01T11:12:28 IST" duration-ms="1" status="PASS">
          <reporter-output>
          </reporter-output>
        </test-method> <!-- f -->
        <test-method signature="f()[pri:0, instance:Test4.Practice@e350b40]" started-at="2024-04-01T11:12:28 IST" name="f" finished-at="2024-04-01T11:12:28 IST" duration-ms="1" status="PASS">
          <reporter-output>
          </reporter-output>
        </test-method> <!-- f -->
        <test-method signature="f()[pri:0, instance:Test4.Practice@e350b40]" started-at="2024-04-01T11:12:28 IST" name="f" finished-at="2024-04-01T11:12:28 IST" duration-ms="1" status="PASS">
          <reporter-output>
          </reporter-output>
        </test-method> <!-- f -->
        <test-method signature="f()[pri:0, instance:Test4.Practice@e350b40]" started-at="2024-04-01T11:12:28 IST" name="f" finished-at="2024-04-01T11:12:28 IST" duration-ms="0" status="PASS">
          <reporter-output>
          </reporter-output>
        </test-method> <!-- f -->
        <test-method signature="f()[pri:0, instance:Test4.Practice@e350b40]" started-at="2024-04-01T11:12:28 IST" name="f" finished-at="2024-04-01T11:12:28 IST" duration-ms="0" status="PASS">
          <reporter-output>
          </reporter-output>
        </test-method> <!-- f -->
        <test-method signature="f()[pri:0, instance:Test4.Practice@e350b40]" started-at="2024-04-01T11:12:28 IST" name="f" finished-at="2024-04-01T11:12:28 IST" duration-ms="2" status="PASS">
          <reporter-output>
          </reporter-output>
        </test-method> <!-- f -->
        <test-method signature="f()[pri:0, instance:Test4.Practice@e350b40]" started-at="2024-04-01T11:12:28 IST" name="f" finished-at="2024-04-01T11:12:28 IST" duration-ms="1" status="PASS">
          <reporter-output>
          </reporter-output>
        </test-method> <!-- f -->
        <test-method signature="f()[pri:0, instance:Test4.Practice@e350b40]" started-at="2024-04-01T11:12:28 IST" name="f" finished-at="2024-04-01T11:12:28 IST" duration-ms="1" status="PASS">
          <reporter-output>
          </reporter-output>
        </test-method> <!-- f -->
        <test-method signature="f()[pri:0, instance:Test4.Practice@e350b40]" started-at="2024-04-01T11:12:28 IST" name="f" finished-at="2024-04-01T11:12:28 IST" duration-ms="1" status="PASS">
          <reporter-output>
          </reporter-output>
        </test-method> <!-- f -->
      </class> <!-- Test4.Practice -->
    </test> <!-- Default test -->
  </suite> <!-- Default suite -->
</testng-results>
