<?xml version="1.0" encoding="UTF-8"?>
<!-- Generated by org.testng.reporters.JUnitXMLReporter -->
<testsuite ignored="0" hostname="LTIN488151" failures="0" tests="10" name="Default test" time="0.068" errors="0" timestamp="2024-04-01T11:12:28 IST">
  <testcase classname="Test4.Practice" name="f" time="0.01"/>
  <testcase classname="Test4.Practice" name="f" time="0.001"/>
  <testcase classname="Test4.Practice" name="f" time="0.001"/>
  <testcase classname="Test4.Practice" name="f" time="0.001"/>
  <testcase classname="Test4.Practice" name="f" time="0.0"/>
  <testcase classname="Test4.Practice" name="f" time="0.0"/>
  <testcase classname="Test4.Practice" name="f" time="0.002"/>
  <testcase classname="Test4.Practice" name="f" time="0.001"/>
  <testcase classname="Test4.Practice" name="f" time="0.001"/>
  <testcase classname="Test4.Practice" name="f" time="0.001"/>
</testsuite> <!-- Default test -->
