<?xml version="1.0" encoding="UTF-8"?>
<!-- Generated by org.testng.reporters.JUnitXMLReporter -->
<testsuite ignored="0" hostname="LTIN488151" failures="0" tests="12" name="Test1XML" time="7.382" errors="0" timestamp="2024-03-17T11:12:24 IST">
  <testcase classname="Test1.T0" name="a" time="0.006"/>
  <testcase classname="Test1.T0" name="b" time="0.0"/>
  <testcase classname="Test1.T0" name="f" time="0.001"/>
  <testcase classname="Test1.T1" name="openapp" time="0.0"/>
  <testcase classname="Test1.T1" name="login" time="0.0"/>
  <testcase classname="Test1.T1" name="logout" time="0.001"/>
  <testcase classname="Test1.T2" name="openApp" time="5.525"/>
  <testcase classname="Test1.T2" name="login" time="0.533"/>
  <testcase classname="Test1.T2" name="closeApp" time="1.265"/>
  <testcase classname="Test1.T3" name="test1" time="0.0"/>
  <testcase classname="Test1.T3" name="test2" time="0.0"/>
  <testcase classname="Test1.T3" name="test3" time="0.0"/>
</testsuite> <!-- Test1XML -->
